  [1m[36m (1.4ms)[0m  [1mCREATE TABLE "schema_migrations" ("version" varchar NOT NULL) [0m
  [1m[35m (0.1ms)[0m  select sqlite_version(*)
  [1m[36m (1.1ms)[0m  [1mCREATE UNIQUE INDEX "unique_schema_migrations" ON "schema_migrations" ("version")[0m
  [1m[35mActiveRecord::SchemaMigration Load (0.1ms)[0m  SELECT "schema_migrations".* FROM "schema_migrations"


Started GET "/" for ::1 at 2015-11-16 16:12:00 -0600
Processing by Rails::WelcomeController#index as HTML
  Rendered /Users/admin/.rvm/gems/ruby-2.1.2/gems/railties-4.2.3/lib/rails/templates/rails/welcome/index.html.erb (1.9ms)
Completed 200 OK in 48ms (Views: 36.7ms | ActiveRecord: 0.0ms)


Started GET "/" for 127.0.0.1 at 2018-01-10 21:15:04 -0600
Processing by Rails::WelcomeController#index as HTML
  Rendered /home/ryanp54/.rvm/gems/ruby-2.3.3/gems/railties-4.2.3/lib/rails/templates/rails/welcome/index.html.erb (65.0ms)
Completed 200 OK in 443ms (Views: 301.4ms | ActiveRecord: 0.0ms)


Started GET "/" for 127.0.0.1 at 2018-01-10 21:15:09 -0600
Processing by Rails::WelcomeController#index as HTML
  Rendered /home/ryanp54/.rvm/gems/ruby-2.3.3/gems/railties-4.2.3/lib/rails/templates/rails/welcome/index.html.erb (0.3ms)
Completed 200 OK in 27ms (Views: 25.6ms | ActiveRecord: 0.0ms)


Started GET "/hello_world" for 127.0.0.1 at 2018-01-10 21:15:30 -0600
Processing by StaticController#hello_world as HTML
  Rendered static/hello_world.html within layouts/application (1.3ms)
Completed 200 OK in 18864ms (Views: 18863.0ms | ActiveRecord: 0.0ms)


Started GET "/assets/application.self-e80e8f2318043e8af94dddc2adad5a4f09739a8ebb323b3ab31cd71d45fd9113.css?body=1" for 127.0.0.1 at 2018-01-10 21:15:49 -0600


Started GET "/assets/application.self-3b8dabdc891efe46b9a144b400ad69e37d7e5876bdc39dee783419a69d7ca819.js?body=1" for 127.0.0.1 at 2018-01-10 21:15:50 -0600


Started GET "/assets/jquery.self-a714331225dda820228db323939889f149aec0127aeb06255646b616ba1ca419.js?body=1" for 127.0.0.1 at 2018-01-10 21:15:50 -0600


Started GET "/assets/jquery_ujs.self-d456baa54c1fa6be2ec3711f0a72ddf7a5b2f34a6b4f515f33767d6207b7d4b3.js?body=1" for 127.0.0.1 at 2018-01-10 21:15:51 -0600


Started GET "/assets/turbolinks.self-c37727e9bd6b2735da5c311aa83fead54ed0be6cc8bd9a65309e9c5abe2cbfff.js?body=1" for 127.0.0.1 at 2018-01-10 21:15:51 -0600


Started GET "/hello_world" for 127.0.0.1 at 2018-01-10 21:16:02 -0600
Processing by StaticController#hello_world as HTML
  Rendered static/hello_world.html within layouts/application (0.2ms)
Completed 200 OK in 2648ms (Views: 2646.7ms | ActiveRecord: 0.0ms)
